
Showing logs for build [32mcb-kubecd-environment-pr-183-2-5m9tc-1[0m stage [32mfrom-build-pack[0m and container [32mstep-credential-initializer-7vnzv[0m
{"level":"warn","ts":1584373408.8169315,"logger":"fallback-logger","caller":"logging/config.go:69","msg":"Fetch GitHub commit ID from kodata failed: \"ref: refs/heads/0.8.0-**-support-backwards-incompats\" is not a valid GitHub commit ID"}
{"level":"info","ts":1584373408.817326,"logger":"fallback-logger","caller":"creds-init/main.go:40","msg":"Credentials initialized."}

Showing logs for build [32mcb-kubecd-environment-pr-183-2-5m9tc-1[0m stage [32mfrom-build-pack[0m and container [32mstep-working-dir-initializer-s8kgw[0m
{"level":"warn","ts":1584373409.8364446,"logger":"fallback-logger","caller":"logging/config.go:69","msg":"Fetch GitHub commit ID from kodata failed: open /var/run/ko/HEAD: no such file or directory"}
{"level":"info","ts":1584373409.8393917,"logger":"fallback-logger","caller":"bash/main.go:64","msg":"Successfully executed command \"sh -c mkdir -p /workspace/source\"; output "}

Showing logs for build [32mcb-kubecd-environment-pr-183-2-5m9tc-1[0m stage [32mfrom-build-pack[0m and container [32mstep-place-tools[0m

Showing logs for build [32mcb-kubecd-environment-pr-183-2-5m9tc-1[0m stage [32mfrom-build-pack[0m and container [32mstep-git-source-cb-kubecd-environment-pr-183-2-5m9tc-9spnb[0m
{"level":"warn","ts":1584373414.0076332,"logger":"fallback-logger","caller":"logging/config.go:69","msg":"Fetch GitHub commit ID from kodata failed: \"ref: refs/heads/0.8.0-**-support-backwards-incompats\" is not a valid GitHub commit ID"}
{"level":"info","ts":1584373415.0621383,"logger":"fallback-logger","caller":"git/git.go:103","msg":"Successfully cloned https://github.com/cb-kubecd/environment-pr-183-2-boot-vault-gke-staging.git @ master in path /workspace/source"}

Showing logs for build [32mcb-kubecd-environment-pr-183-2-5m9tc-1[0m stage [32mfrom-build-pack[0m and container [32mstep-git-merge[0m
Using SHAs from PULL_REFS=master:778211481f2e3e7b62e11b16e4a9b5e556bbe364,3:8a17d824825307de21bfbbb1b255b358c1aff1cb
DEBUG: LC_ALL=C JX_LOG_LEVEL=error git fetch origin --unshallow 8a17d824825307de21bfbbb1b255b358c1aff1cb: 778211481f2e3e7b62e11b16e4a9b5e556bbe364:
DEBUG: ran git fetch --unshallow origin 8a17d824825307de21bfbbb1b255b358c1aff1cb: 778211481f2e3e7b62e11b16e4a9b5e556bbe364: in 
DEBUG: LC_ALL=C JX_LOG_LEVEL=error git branch
DEBUG: LC_ALL=C JX_LOG_LEVEL=error git checkout master
DEBUG: ran git checkout master in 
DEBUG: LC_ALL=C JX_LOG_LEVEL=error git reset --hard 778211481f2e3e7b62e11b16e4a9b5e556bbe364
DEBUG: ran git reset --hard 778211481f2e3e7b62e11b16e4a9b5e556bbe364 in 
DEBUG: LC_ALL=C JX_LOG_LEVEL=error git clean -fd .
DEBUG: ran clean --force -d . in 
DEBUG: LC_ALL=C JX_LOG_LEVEL=error git merge 8a17d824825307de21bfbbb1b255b358c1aff1cb
DEBUG: ran git merge 8a17d824825307de21bfbbb1b255b358c1aff1cb in 
DEBUG: LC_ALL=C JX_LOG_LEVEL=error git log --format=%H%x1f%an%x1f%ae%x1f%cn%x1f%ce%x1f%s%n%b%x1e 778211481f2e3e7b62e11b16e4a9b5e556bbe364..HEAD
Merged SHA 8a17d824825307de21bfbbb1b255b358c1aff1cb with commit message 'chore: Promote bdd-gh-1584371985 to version 0.0.1' into base branch master

Showing logs for build [32mcb-kubecd-environment-pr-183-2-5m9tc-1[0m stage [32mfrom-build-pack[0m and container [32mstep-build-helm-build[0m
WARNING: No $CHART_REPOSITORY defined so using the default value of: http://jenkins-x-chartmuseum:8080
Adding missing Helm repo: storage.googleapis.com https://storage.googleapis.com/chartmuseum.jenkins-x.io
WARNING: No secrets found on "helm/repos" due: reading the secret "helm/repos" from vault: no secret "helm/repos" not found in vault
Read credentials for https://storage.googleapis.com/chartmuseum.jenkins-x.io from vault helm/repos
Successfully added Helm repository storage.googleapis.com.
Adding missing Helm repo: jenkins-x-chartmuseum http://jenkins-x-chartmuseum:8080
WARNING: No secrets found on "helm/repos" due: reading the secret "helm/repos" from vault: no secret "helm/repos" not found in vault
Read credentials for http://jenkins-x-chartmuseum:8080 from vault helm/repos
Successfully added Helm repository jenkins-x-chartmuseum.
WARNING: No $CHART_REPOSITORY defined so using the default value of: http://jenkins-x-chartmuseum:8080
Adding missing Helm repo: chartmuseum.jenkins-x.io http://chartmuseum.jenkins-x.io
WARNING: No secrets found on "helm/repos" due: reading the secret "helm/repos" from vault: no secret "helm/repos" not found in vault
Read credentials for http://chartmuseum.jenkins-x.io from vault helm/repos
Successfully added Helm repository chartmuseum.jenkins-x.io.
