
Showing logs for build [32mcb-kubecd-environment-pr-183-2-mvxs5-1[0m stage [32mfrom-build-pack[0m and container [32mstep-credential-initializer-kxn74[0m
{"level":"warn","ts":1584372288.5853071,"logger":"fallback-logger","caller":"logging/config.go:69","msg":"Fetch GitHub commit ID from kodata failed: \"ref: refs/heads/0.8.0-**-support-backwards-incompats\" is not a valid GitHub commit ID"}
{"level":"info","ts":1584372288.586104,"logger":"fallback-logger","caller":"creds-init/main.go:40","msg":"Credentials initialized."}

Showing logs for build [32mcb-kubecd-environment-pr-183-2-mvxs5-1[0m stage [32mfrom-build-pack[0m and container [32mstep-working-dir-initializer-msmdb[0m
{"level":"warn","ts":1584372289.7240689,"logger":"fallback-logger","caller":"logging/config.go:69","msg":"Fetch GitHub commit ID from kodata failed: open /var/run/ko/HEAD: no such file or directory"}
{"level":"info","ts":1584372289.727089,"logger":"fallback-logger","caller":"bash/main.go:64","msg":"Successfully executed command \"sh -c mkdir -p /workspace/source\"; output "}

Showing logs for build [32mcb-kubecd-environment-pr-183-2-mvxs5-1[0m stage [32mfrom-build-pack[0m and container [32mstep-place-tools[0m

Showing logs for build [32mcb-kubecd-environment-pr-183-2-mvxs5-1[0m stage [32mfrom-build-pack[0m and container [32mstep-git-source-cb-kubecd-environment-pr-183-2-mvxs5-5vl7r[0m
{"level":"warn","ts":1584372295.313714,"logger":"fallback-logger","caller":"logging/config.go:69","msg":"Fetch GitHub commit ID from kodata failed: \"ref: refs/heads/0.8.0-**-support-backwards-incompats\" is not a valid GitHub commit ID"}
{"level":"info","ts":1584372296.379346,"logger":"fallback-logger","caller":"git/git.go:103","msg":"Successfully cloned https://github.com/cb-kubecd/environment-pr-183-2-boot-vault-gke-staging.git @ master in path /workspace/source"}

Showing logs for build [32mcb-kubecd-environment-pr-183-2-mvxs5-1[0m stage [32mfrom-build-pack[0m and container [32mstep-git-merge[0m
Using SHAs from PULL_REFS=master:93ac7ca88cf5b7f2d20d70d3e1d0204d207c873e,2:3d7b61545192f38f7b8dbca811f84d1c09ab76cd
DEBUG: LC_ALL=C JX_LOG_LEVEL=error git fetch origin --unshallow 3d7b61545192f38f7b8dbca811f84d1c09ab76cd: 93ac7ca88cf5b7f2d20d70d3e1d0204d207c873e:
DEBUG: ran git fetch --unshallow origin 3d7b61545192f38f7b8dbca811f84d1c09ab76cd: 93ac7ca88cf5b7f2d20d70d3e1d0204d207c873e: in 
DEBUG: LC_ALL=C JX_LOG_LEVEL=error git branch
DEBUG: LC_ALL=C JX_LOG_LEVEL=error git checkout master
DEBUG: ran git checkout master in 
DEBUG: LC_ALL=C JX_LOG_LEVEL=error git reset --hard 93ac7ca88cf5b7f2d20d70d3e1d0204d207c873e
DEBUG: ran git reset --hard 93ac7ca88cf5b7f2d20d70d3e1d0204d207c873e in 
DEBUG: JX_LOG_LEVEL=error LC_ALL=C git clean -fd .
DEBUG: ran clean --force -d . in 
DEBUG: LC_ALL=C JX_LOG_LEVEL=error git merge 3d7b61545192f38f7b8dbca811f84d1c09ab76cd
DEBUG: ran git merge 3d7b61545192f38f7b8dbca811f84d1c09ab76cd in 
DEBUG: JX_LOG_LEVEL=error LC_ALL=C git log --format=%H%x1f%an%x1f%ae%x1f%cn%x1f%ce%x1f%s%n%b%x1e 93ac7ca88cf5b7f2d20d70d3e1d0204d207c873e..HEAD
Merged SHA 3d7b61545192f38f7b8dbca811f84d1c09ab76cd with commit message 'chore: Promote bdd-nh-1584371985 to version 0.0.1' into base branch master

Showing logs for build [32mcb-kubecd-environment-pr-183-2-mvxs5-1[0m stage [32mfrom-build-pack[0m and container [32mstep-build-helm-build[0m
WARNING: No $CHART_REPOSITORY defined so using the default value of: http://jenkins-x-chartmuseum:8080
Adding missing Helm repo: storage.googleapis.com https://storage.googleapis.com/chartmuseum.jenkins-x.io
WARNING: No secrets found on "helm/repos" due: reading the secret "helm/repos" from vault: no secret "helm/repos" not found in vault
Read credentials for https://storage.googleapis.com/chartmuseum.jenkins-x.io from vault helm/repos
Successfully added Helm repository storage.googleapis.com.
Adding missing Helm repo: jenkins-x-chartmuseum http://jenkins-x-chartmuseum:8080
WARNING: No secrets found on "helm/repos" due: reading the secret "helm/repos" from vault: no secret "helm/repos" not found in vault
Read credentials for http://jenkins-x-chartmuseum:8080 from vault helm/repos
Successfully added Helm repository jenkins-x-chartmuseum.
WARNING: No $CHART_REPOSITORY defined so using the default value of: http://jenkins-x-chartmuseum:8080
Adding missing Helm repo: chartmuseum.jenkins-x.io http://chartmuseum.jenkins-x.io
WARNING: No secrets found on "helm/repos" due: reading the secret "helm/repos" from vault: no secret "helm/repos" not found in vault
Read credentials for http://chartmuseum.jenkins-x.io from vault helm/repos
Successfully added Helm repository chartmuseum.jenkins-x.io.
